<?xml version="1.0" encoding="UTF-8"?>
<!-- Generated by org.testng.reporters.JUnitReportReporter -->
<testsuite hostname="Sarang" failures="0" tests="2" name="testCase.OrangeCRMTest" time="16.568" errors="0" timestamp="2022-12-20T11:41:19 CST" skipped="0">
  <testcase classname="testCase.OrangeCRMTest" name="loginToOrangeCRM" time="5.138"/>
  <system-out/>
  <testcase classname="testCase.OrangeCRMTest" name="logout" time="11.430"/>
  <system-out/>
</testsuite> <!-- testCase.OrangeCRMTest -->
