<?xml version="1.0" encoding="UTF-8"?>
<!-- Generated by org.testng.reporters.JUnitReportReporter -->
<testsuite hostname="Sarang" failures="0" tests="2" name="testCase.OrangeCRMTests" time="17.980" errors="0" timestamp="2022-12-19T02:42:21 CST" skipped="0">
  <testcase classname="testCase.OrangeCRMTests" name="logout" time="7.467"/>
  <system-out/>
  <testcase classname="testCase.OrangeCRMTests" name="loginToOrangeCRM" time="10.513"/>
  <system-out/>
</testsuite> <!-- testCase.OrangeCRMTests -->
