<?xml version="1.0" encoding="UTF-8"?>
<!-- Generated by org.testng.reporters.JUnitReportReporter -->
<testsuite hostname="Sarang" failures="0" tests="2" name="testCase.OrangeCRMTest" time="12.172" errors="0" timestamp="2022-12-21T02:58:23 CST" skipped="0">
  <testcase classname="testCase.OrangeCRMTest" name="logout" time="6.676"/>
  <system-out/>
  <testcase classname="testCase.OrangeCRMTest" name="loginToOrangeCRM" time="5.496"/>
  <system-out/>
</testsuite> <!-- testCase.OrangeCRMTest -->
